Analysis & Synthesis report for avr109
Mon Aug 28 15:34:24 2017
Quartus Prime Version 17.0.0 Build 595 04/25/2017 SJ Lite Edition


---------------------
; Table of Contents ;
---------------------
  1. Legal Notice
  2. Analysis & Synthesis Summary
  3. Analysis & Synthesis Settings
  4. Parallel Compilation
  5. Analysis & Synthesis Source Files Read
  6. Analysis & Synthesis Resource Usage Summary
  7. Analysis & Synthesis Resource Utilization by Entity
  8. State Machine - |sim_avr_109|USART_transm:USART_transmision|control_path_us:unidad_de_control|CS
  9. General Register Statistics
 10. Multiplexer Restructuring Statistics (Restructuring Performed)
 11. Parameter Settings for User Entity Instance: USART_transm:USART_transmision
 12. Parameter Settings for User Entity Instance: USART_transm:USART_transmision|registro:reg_data
 13. Parameter Settings for User Entity Instance: USART_transm:USART_transmision|contador_104us:time_cont
 14. Parameter Settings for User Entity Instance: USART_transm:USART_transmision|contador_104us:time_cont|registro:reg_cont_104
 15. Parameter Settings for User Entity Instance: avr109:avr_109
 16. Parameter Settings for User Entity Instance: avr109:avr_109|avr109tx:avr109tx_inst
 17. Parameter Settings for User Entity Instance: avr109:avr_109|avr109rx:avr109rx_inst
 18. Port Connectivity Checks: "avr109:avr_109|avr109rx:avr109rx_inst"
 19. Post-Synthesis Netlist Statistics for Top Partition
 20. Elapsed Time Per Partition
 21. Analysis & Synthesis Messages



----------------
; Legal Notice ;
----------------
Copyright (C) 2017  Intel Corporation. All rights reserved.
Your use of Intel Corporation's design tools, logic functions 
and other software and tools, and its AMPP partner logic 
functions, and any output files from any of the foregoing 
(including device programming or simulation files), and any 
associated documentation or information are expressly subject 
to the terms and conditions of the Intel Program License 
Subscription Agreement, the Intel Quartus Prime License Agreement,
the Intel MegaCore Function License Agreement, or other 
applicable license agreement, including, without limitation, 
that your use is for the sole purpose of programming logic 
devices manufactured by Intel and sold by Intel or its 
authorized distributors.  Please refer to the applicable 
agreement for further details.



+-------------------------------------------------------------------------------+
; Analysis & Synthesis Summary                                                  ;
+---------------------------------+---------------------------------------------+
; Analysis & Synthesis Status     ; Successful - Mon Aug 28 15:34:24 2017       ;
; Quartus Prime Version           ; 17.0.0 Build 595 04/25/2017 SJ Lite Edition ;
; Revision Name                   ; avr109                                      ;
; Top-level Entity Name           ; sim_avr_109                                 ;
; Family                          ; Cyclone V                                   ;
; Logic utilization (in ALMs)     ; N/A                                         ;
; Total registers                 ; 111                                         ;
; Total pins                      ; 72                                          ;
; Total virtual pins              ; 0                                           ;
; Total block memory bits         ; 0                                           ;
; Total DSP Blocks                ; 0                                           ;
; Total HSSI RX PCSs              ; 0                                           ;
; Total HSSI PMA RX Deserializers ; 0                                           ;
; Total HSSI TX PCSs              ; 0                                           ;
; Total HSSI PMA TX Serializers   ; 0                                           ;
; Total PLLs                      ; 0                                           ;
; Total DLLs                      ; 0                                           ;
+---------------------------------+---------------------------------------------+


+---------------------------------------------------------------------------------------------------------------------------+
; Analysis & Synthesis Settings                                                                                             ;
+---------------------------------------------------------------------------------+--------------------+--------------------+
; Option                                                                          ; Setting            ; Default Value      ;
+---------------------------------------------------------------------------------+--------------------+--------------------+
; Device                                                                          ; 5CGXFC7C6F23I7     ;                    ;
; Top-level entity name                                                           ; sim_avr_109        ; avr109             ;
; Family name                                                                     ; Cyclone V          ; Cyclone V          ;
; Use smart compilation                                                           ; Off                ; Off                ;
; Enable parallel Assembler and TimeQuest Timing Analyzer during compilation      ; On                 ; On                 ;
; Enable compact report table                                                     ; Off                ; Off                ;
; Restructure Multiplexers                                                        ; Auto               ; Auto               ;
; MLAB Add Timing Constraints For Mixed-Port Feed-Through Mode Setting Don't Care ; Off                ; Off                ;
; Create Debugging Nodes for IP Cores                                             ; Off                ; Off                ;
; Preserve fewer node names                                                       ; On                 ; On                 ;
; OpenCore Plus hardware evaluation                                               ; Enable             ; Enable             ;
; Verilog Version                                                                 ; Verilog_2001       ; Verilog_2001       ;
; VHDL Version                                                                    ; VHDL_1993          ; VHDL_1993          ;
; State Machine Processing                                                        ; Auto               ; Auto               ;
; Safe State Machine                                                              ; Off                ; Off                ;
; Extract Verilog State Machines                                                  ; On                 ; On                 ;
; Extract VHDL State Machines                                                     ; On                 ; On                 ;
; Ignore Verilog initial constructs                                               ; Off                ; Off                ;
; Iteration limit for constant Verilog loops                                      ; 5000               ; 5000               ;
; Iteration limit for non-constant Verilog loops                                  ; 250                ; 250                ;
; Add Pass-Through Logic to Inferred RAMs                                         ; On                 ; On                 ;
; Infer RAMs from Raw Logic                                                       ; On                 ; On                 ;
; Parallel Synthesis                                                              ; On                 ; On                 ;
; DSP Block Balancing                                                             ; Auto               ; Auto               ;
; NOT Gate Push-Back                                                              ; On                 ; On                 ;
; Power-Up Don't Care                                                             ; On                 ; On                 ;
; Remove Redundant Logic Cells                                                    ; Off                ; Off                ;
; Remove Duplicate Registers                                                      ; On                 ; On                 ;
; Ignore CARRY Buffers                                                            ; Off                ; Off                ;
; Ignore CASCADE Buffers                                                          ; Off                ; Off                ;
; Ignore GLOBAL Buffers                                                           ; Off                ; Off                ;
; Ignore ROW GLOBAL Buffers                                                       ; Off                ; Off                ;
; Ignore LCELL Buffers                                                            ; Off                ; Off                ;
; Ignore SOFT Buffers                                                             ; On                 ; On                 ;
; Limit AHDL Integers to 32 Bits                                                  ; Off                ; Off                ;
; Optimization Technique                                                          ; Balanced           ; Balanced           ;
; Carry Chain Length                                                              ; 70                 ; 70                 ;
; Auto Carry Chains                                                               ; On                 ; On                 ;
; Auto Open-Drain Pins                                                            ; On                 ; On                 ;
; Perform WYSIWYG Primitive Resynthesis                                           ; Off                ; Off                ;
; Auto ROM Replacement                                                            ; On                 ; On                 ;
; Auto RAM Replacement                                                            ; On                 ; On                 ;
; Auto DSP Block Replacement                                                      ; On                 ; On                 ;
; Auto Shift Register Replacement                                                 ; Auto               ; Auto               ;
; Allow Shift Register Merging across Hierarchies                                 ; Auto               ; Auto               ;
; Auto Clock Enable Replacement                                                   ; On                 ; On                 ;
; Strict RAM Replacement                                                          ; Off                ; Off                ;
; Allow Synchronous Control Signals                                               ; On                 ; On                 ;
; Force Use of Synchronous Clear Signals                                          ; Off                ; Off                ;
; Auto Resource Sharing                                                           ; Off                ; Off                ;
; Allow Any RAM Size For Recognition                                              ; Off                ; Off                ;
; Allow Any ROM Size For Recognition                                              ; Off                ; Off                ;
; Allow Any Shift Register Size For Recognition                                   ; Off                ; Off                ;
; Use LogicLock Constraints during Resource Balancing                             ; On                 ; On                 ;
; Ignore translate_off and synthesis_off directives                               ; Off                ; Off                ;
; Timing-Driven Synthesis                                                         ; On                 ; On                 ;
; Report Parameter Settings                                                       ; On                 ; On                 ;
; Report Source Assignments                                                       ; On                 ; On                 ;
; Report Connectivity Checks                                                      ; On                 ; On                 ;
; Ignore Maximum Fan-Out Assignments                                              ; Off                ; Off                ;
; Synchronization Register Chain Length                                           ; 3                  ; 3                  ;
; PowerPlay Power Optimization During Synthesis                                   ; Normal compilation ; Normal compilation ;
; HDL message level                                                               ; Level2             ; Level2             ;
; Suppress Register Optimization Related Messages                                 ; Off                ; Off                ;
; Number of Removed Registers Reported in Synthesis Report                        ; 5000               ; 5000               ;
; Number of Swept Nodes Reported in Synthesis Report                              ; 5000               ; 5000               ;
; Number of Inverted Registers Reported in Synthesis Report                       ; 100                ; 100                ;
; Clock MUX Protection                                                            ; On                 ; On                 ;
; Auto Gated Clock Conversion                                                     ; Off                ; Off                ;
; Block Design Naming                                                             ; Auto               ; Auto               ;
; SDC constraint protection                                                       ; Off                ; Off                ;
; Synthesis Effort                                                                ; Auto               ; Auto               ;
; Shift Register Replacement - Allow Asynchronous Clear Signal                    ; On                 ; On                 ;
; Pre-Mapping Resynthesis Optimization                                            ; Off                ; Off                ;
; Analysis & Synthesis Message Level                                              ; Medium             ; Medium             ;
; Disable Register Merging Across Hierarchies                                     ; Auto               ; Auto               ;
; Resource Aware Inference For Block RAM                                          ; On                 ; On                 ;
; Automatic Parallel Synthesis                                                    ; On                 ; On                 ;
; Partial Reconfiguration Bitstream ID                                            ; Off                ; Off                ;
+---------------------------------------------------------------------------------+--------------------+--------------------+


+------------------------------------------+
; Parallel Compilation                     ;
+----------------------------+-------------+
; Processors                 ; Number      ;
+----------------------------+-------------+
; Number detected on machine ; 4           ;
; Maximum allowed            ; 2           ;
;                            ;             ;
; Average used               ; 1.00        ;
; Maximum used               ; 2           ;
;                            ;             ;
; Usage by Processor         ; % Time Used ;
;     Processor 1            ; 100.0%      ;
;     Processor 2            ;   0.0%      ;
+----------------------------+-------------+


+-------------------------------------------------------------------------------------------------------------------------------------------------------------------------------+
; Analysis & Synthesis Source Files Read                                                                                                                                        ;
+----------------------------------+-----------------+------------------------+---------------------------------------------------------------------------------------+---------+
; File Name with User-Entered Path ; Used in Netlist ; File Type              ; File Name with Absolute Path                                                          ; Library ;
+----------------------------------+-----------------+------------------------+---------------------------------------------------------------------------------------+---------+
; ../avr109/avr109tx.v             ; yes             ; User Verilog HDL File  ; /home/anfelo40/Documentos/Proyectos_Micros/avr109/avr109tx.v                          ;         ;
; ../avr109/avr109rx.v             ; yes             ; User Verilog HDL File  ; /home/anfelo40/Documentos/Proyectos_Micros/avr109/avr109rx.v                          ;         ;
; ../avr109/avr109.v               ; yes             ; User Verilog HDL File  ; /home/anfelo40/Documentos/Proyectos_Micros/avr109/avr109.v                            ;         ;
; registro.vhd                     ; yes             ; User VHDL File         ; /home/anfelo40/Documentos/Proyectos_Micros/P1_Simulacion_avr109/registro.vhd          ;         ;
; codificador.vhd                  ; yes             ; User VHDL File         ; /home/anfelo40/Documentos/Proyectos_Micros/P1_Simulacion_avr109/codificador.vhd       ;         ;
; contador_104us.vhd               ; yes             ; User VHDL File         ; /home/anfelo40/Documentos/Proyectos_Micros/P1_Simulacion_avr109/contador_104us.vhd    ;         ;
; control_path_us.vhd              ; yes             ; User VHDL File         ; /home/anfelo40/Documentos/Proyectos_Micros/P1_Simulacion_avr109/control_path_us.vhd   ;         ;
; USART_transm.vhd                 ; yes             ; User VHDL File         ; /home/anfelo40/Documentos/Proyectos_Micros/P1_Simulacion_avr109/USART_transm.vhd      ;         ;
;  pkg_USART_transm.vhd            ; yes             ; User VHDL File         ; /home/anfelo40/Documentos/Proyectos_Micros/P1_Simulacion_avr109/ pkg_USART_transm.vhd ;         ;
; sim_avr_109.vhd                  ; yes             ; User VHDL File         ; /home/anfelo40/Documentos/Proyectos_Micros/P1_Simulacion_avr109/sim_avr_109.vhd       ;         ;
+----------------------------------+-----------------+------------------------+---------------------------------------------------------------------------------------+---------+


+---------------------------------------------------------+
; Analysis & Synthesis Resource Usage Summary             ;
+---------------------------------------------+-----------+
; Resource                                    ; Usage     ;
+---------------------------------------------+-----------+
; Estimate of Logic utilization (ALMs needed) ; 147       ;
;                                             ;           ;
; Combinational ALUT usage for logic          ; 223       ;
;     -- 7 input functions                    ; 9         ;
;     -- 6 input functions                    ; 59        ;
;     -- 5 input functions                    ; 27        ;
;     -- 4 input functions                    ; 31        ;
;     -- <=3 input functions                  ; 97        ;
;                                             ;           ;
; Dedicated logic registers                   ; 111       ;
;                                             ;           ;
; I/O pins                                    ; 72        ;
;                                             ;           ;
; Total DSP Blocks                            ; 0         ;
;                                             ;           ;
; Maximum fan-out node                        ; clk~input ;
; Maximum fan-out                             ; 111       ;
; Total fan-out                               ; 1449      ;
; Average fan-out                             ; 3.03      ;
+---------------------------------------------+-----------+


+----------------------------------------------------------------------------------------------------------------------------------------------------------------------------------------------------------------------------------------------------------------------------------+
; Analysis & Synthesis Resource Utilization by Entity                                                                                                                                                                                                                              ;
+-------------------------------------------+---------------------+---------------------------+-------------------+------------+------+--------------+--------------------------------------------------------------------------------------------+-----------------+--------------+
; Compilation Hierarchy Node                ; Combinational ALUTs ; Dedicated Logic Registers ; Block Memory Bits ; DSP Blocks ; Pins ; Virtual Pins ; Full Hierarchy Name                                                                        ; Entity Name     ; Library Name ;
+-------------------------------------------+---------------------+---------------------------+-------------------+------------+------+--------------+--------------------------------------------------------------------------------------------+-----------------+--------------+
; |sim_avr_109                              ; 223 (0)             ; 111 (0)                   ; 0                 ; 0          ; 72   ; 0            ; |sim_avr_109                                                                               ; sim_avr_109     ; work         ;
;    |USART_transm:USART_transmision|       ; 22 (5)              ; 28 (0)                    ; 0                 ; 0          ; 0    ; 0            ; |sim_avr_109|USART_transm:USART_transmision                                                ; USART_transm    ; work         ;
;       |codificador:codificador_data|      ; 1 (1)               ; 0 (0)                     ; 0                 ; 0          ; 0    ; 0            ; |sim_avr_109|USART_transm:USART_transmision|codificador:codificador_data                   ; codificador     ; work         ;
;       |contador_104us:time_cont|          ; 10 (10)             ; 8 (0)                     ; 0                 ; 0          ; 0    ; 0            ; |sim_avr_109|USART_transm:USART_transmision|contador_104us:time_cont                       ; contador_104us  ; work         ;
;          |registro:reg_cont_104|          ; 0 (0)               ; 8 (8)                     ; 0                 ; 0          ; 0    ; 0            ; |sim_avr_109|USART_transm:USART_transmision|contador_104us:time_cont|registro:reg_cont_104 ; registro        ; work         ;
;       |control_path_us:unidad_de_control| ; 6 (6)               ; 12 (12)                   ; 0                 ; 0          ; 0    ; 0            ; |sim_avr_109|USART_transm:USART_transmision|control_path_us:unidad_de_control              ; control_path_us ; work         ;
;       |registro:reg_data|                 ; 0 (0)               ; 8 (8)                     ; 0                 ; 0          ; 0    ; 0            ; |sim_avr_109|USART_transm:USART_transmision|registro:reg_data                              ; registro        ; work         ;
;    |avr109:avr_109|                       ; 201 (147)           ; 83 (39)                   ; 0                 ; 0          ; 0    ; 0            ; |sim_avr_109|avr109:avr_109                                                                ; avr109          ; work         ;
;       |avr109rx:avr109rx_inst|            ; 27 (27)             ; 22 (22)                   ; 0                 ; 0          ; 0    ; 0            ; |sim_avr_109|avr109:avr_109|avr109rx:avr109rx_inst                                         ; avr109rx        ; work         ;
;       |avr109tx:avr109tx_inst|            ; 27 (27)             ; 22 (22)                   ; 0                 ; 0          ; 0    ; 0            ; |sim_avr_109|avr109:avr_109|avr109tx:avr109tx_inst                                         ; avr109tx        ; work         ;
+-------------------------------------------+---------------------+---------------------------+-------------------+------------+------+--------------+--------------------------------------------------------------------------------------------+-----------------+--------------+
Note: For table entries with two numbers listed, the numbers in parentheses indicate the number of resources of the given type used by the specific entity alone. The numbers listed outside of parentheses indicate the total resources of the given type used by the specific entity and all of its sub-entities in the hierarchy.


Encoding Type:  One-Hot
+----------------------------------------------------------------------------------------------------------------------------------------------------------+
; State Machine - |sim_avr_109|USART_transm:USART_transmision|control_path_us:unidad_de_control|CS                                                         ;
+--------------+-------------+------------+----------+----------+----------+----------+----------+----------+----------+----------+--------------+---------+
; Name         ; CS.bit_stop ; CS.paridad ; CS.date8 ; CS.date7 ; CS.date6 ; CS.date5 ; CS.date4 ; CS.date3 ; CS.date2 ; CS.date1 ; CS.bit_start ; CS.idle ;
+--------------+-------------+------------+----------+----------+----------+----------+----------+----------+----------+----------+--------------+---------+
; CS.idle      ; 0           ; 0          ; 0        ; 0        ; 0        ; 0        ; 0        ; 0        ; 0        ; 0        ; 0            ; 0       ;
; CS.bit_start ; 0           ; 0          ; 0        ; 0        ; 0        ; 0        ; 0        ; 0        ; 0        ; 0        ; 1            ; 1       ;
; CS.date1     ; 0           ; 0          ; 0        ; 0        ; 0        ; 0        ; 0        ; 0        ; 0        ; 1        ; 0            ; 1       ;
; CS.date2     ; 0           ; 0          ; 0        ; 0        ; 0        ; 0        ; 0        ; 0        ; 1        ; 0        ; 0            ; 1       ;
; CS.date3     ; 0           ; 0          ; 0        ; 0        ; 0        ; 0        ; 0        ; 1        ; 0        ; 0        ; 0            ; 1       ;
; CS.date4     ; 0           ; 0          ; 0        ; 0        ; 0        ; 0        ; 1        ; 0        ; 0        ; 0        ; 0            ; 1       ;
; CS.date5     ; 0           ; 0          ; 0        ; 0        ; 0        ; 1        ; 0        ; 0        ; 0        ; 0        ; 0            ; 1       ;
; CS.date6     ; 0           ; 0          ; 0        ; 0        ; 1        ; 0        ; 0        ; 0        ; 0        ; 0        ; 0            ; 1       ;
; CS.date7     ; 0           ; 0          ; 0        ; 1        ; 0        ; 0        ; 0        ; 0        ; 0        ; 0        ; 0            ; 1       ;
; CS.date8     ; 0           ; 0          ; 1        ; 0        ; 0        ; 0        ; 0        ; 0        ; 0        ; 0        ; 0            ; 1       ;
; CS.paridad   ; 0           ; 1          ; 0        ; 0        ; 0        ; 0        ; 0        ; 0        ; 0        ; 0        ; 0            ; 1       ;
; CS.bit_stop  ; 1           ; 0          ; 0        ; 0        ; 0        ; 0        ; 0        ; 0        ; 0        ; 0        ; 0            ; 1       ;
+--------------+-------------+------------+----------+----------+----------+----------+----------+----------+----------+----------+--------------+---------+


+------------------------------------------------------+
; General Register Statistics                          ;
+----------------------------------------------+-------+
; Statistic                                    ; Value ;
+----------------------------------------------+-------+
; Total registers                              ; 111   ;
; Number of registers using Synchronous Clear  ; 68    ;
; Number of registers using Synchronous Load   ; 23    ;
; Number of registers using Asynchronous Clear ; 28    ;
; Number of registers using Asynchronous Load  ; 0     ;
; Number of registers using Clock Enable       ; 83    ;
; Number of registers using Preset             ; 0     ;
+----------------------------------------------+-------+


+-------------------------------------------------------------------------------------------------------------------------------------------------------------------------------+
; Multiplexer Restructuring Statistics (Restructuring Performed)                                                                                                                ;
+--------------------+-----------+---------------+----------------------+------------------------+------------+-----------------------------------------------------------------+
; Multiplexer Inputs ; Bus Width ; Baseline Area ; Area if Restructured ; Saving if Restructured ; Registered ; Example Multiplexer Output                                      ;
+--------------------+-----------+---------------+----------------------+------------------------+------------+-----------------------------------------------------------------+
; 4:1                ; 7 bits    ; 14 LEs        ; 14 LEs               ; 0 LEs                  ; Yes        ; |sim_avr_109|avr109:avr_109|avr109tx:avr109tx_inst|txshift_q[4] ;
; 4:1                ; 4 bits    ; 8 LEs         ; 8 LEs                ; 0 LEs                  ; Yes        ; |sim_avr_109|avr109:avr_109|avr109tx:avr109tx_inst|txcnt_q[0]   ;
; 4:1                ; 8 bits    ; 16 LEs        ; 8 LEs                ; 8 LEs                  ; Yes        ; |sim_avr_109|avr109:avr_109|avr109rx:avr109rx_inst|rxbaud_q[4]  ;
; 4:1                ; 12 bits   ; 24 LEs        ; 0 LEs                ; 24 LEs                 ; Yes        ; |sim_avr_109|avr109:avr_109|avr109rx:avr109rx_inst|rxcnt_q[2]   ;
; 5:1                ; 8 bits    ; 24 LEs        ; 0 LEs                ; 24 LEs                 ; Yes        ; |sim_avr_109|avr109:avr_109|avr109tx:avr109tx_inst|txbaud_q[4]  ;
; 10:1               ; 2 bits    ; 12 LEs        ; 12 LEs               ; 0 LEs                  ; Yes        ; |sim_avr_109|avr109:avr_109|tx_data_q[2]                        ;
; 34:1               ; 8 bits    ; 176 LEs       ; 0 LEs                ; 176 LEs                ; Yes        ; |sim_avr_109|avr109:avr_109|addr_q[9]                           ;
; 34:1               ; 8 bits    ; 176 LEs       ; 0 LEs                ; 176 LEs                ; Yes        ; |sim_avr_109|avr109:avr_109|addr_q[5]                           ;
; 35:1               ; 5 bits    ; 115 LEs       ; 10 LEs               ; 105 LEs                ; Yes        ; |sim_avr_109|avr109:avr_109|cnt_q[3]                            ;
; 36:1               ; 3 bits    ; 72 LEs        ; 9 LEs                ; 63 LEs                 ; Yes        ; |sim_avr_109|avr109:avr_109|cnt_q[2]                            ;
+--------------------+-----------+---------------+----------------------+------------------------+------------+-----------------------------------------------------------------+


+-----------------------------------------------------------------------------+
; Parameter Settings for User Entity Instance: USART_transm:USART_transmision ;
+----------------+-------+----------------------------------------------------+
; Parameter Name ; Value ; Type                                               ;
+----------------+-------+----------------------------------------------------+
; DATA_WIDTH     ; 8     ; Signed Integer                                     ;
+----------------+-------+----------------------------------------------------+
Note: In order to hide this table in the UI and the text report file, please set the "Show Parameter Settings in Synthesis Report" option in "Analysis and Synthesis Settings -> More Settings" to "Off".


+-----------------------------------------------------------------------------------------------+
; Parameter Settings for User Entity Instance: USART_transm:USART_transmision|registro:reg_data ;
+----------------+-------+----------------------------------------------------------------------+
; Parameter Name ; Value ; Type                                                                 ;
+----------------+-------+----------------------------------------------------------------------+
; data_width     ; 8     ; Signed Integer                                                       ;
+----------------+-------+----------------------------------------------------------------------+
Note: In order to hide this table in the UI and the text report file, please set the "Show Parameter Settings in Synthesis Report" option in "Analysis and Synthesis Settings -> More Settings" to "Off".


+------------------------------------------------------------------------------------------------------+
; Parameter Settings for User Entity Instance: USART_transm:USART_transmision|contador_104us:time_cont ;
+----------------+-------+-----------------------------------------------------------------------------+
; Parameter Name ; Value ; Type                                                                        ;
+----------------+-------+-----------------------------------------------------------------------------+
; data_width     ; 8     ; Signed Integer                                                              ;
; max_num104     ; 163   ; Signed Integer                                                              ;
+----------------+-------+-----------------------------------------------------------------------------+
Note: In order to hide this table in the UI and the text report file, please set the "Show Parameter Settings in Synthesis Report" option in "Analysis and Synthesis Settings -> More Settings" to "Off".


+----------------------------------------------------------------------------------------------------------------------------+
; Parameter Settings for User Entity Instance: USART_transm:USART_transmision|contador_104us:time_cont|registro:reg_cont_104 ;
+----------------+-------+---------------------------------------------------------------------------------------------------+
; Parameter Name ; Value ; Type                                                                                              ;
+----------------+-------+---------------------------------------------------------------------------------------------------+
; data_width     ; 8     ; Signed Integer                                                                                    ;
+----------------+-------+---------------------------------------------------------------------------------------------------+
Note: In order to hide this table in the UI and the text report file, please set the "Show Parameter Settings in Synthesis Report" option in "Analysis and Synthesis Settings -> More Settings" to "Off".


+-------------------------------------------------------------+
; Parameter Settings for User Entity Instance: avr109:avr_109 ;
+----------------+---------+----------------------------------+
; Parameter Name ; Value   ; Type                             ;
+----------------+---------+----------------------------------+
; CLK_FREQUENCY  ; 1560000 ; Signed Integer                   ;
; BAUD_RATE      ; 9600    ; Signed Integer                   ;
; VERSION_HIGH   ; 1       ; String                           ;
; VERSION_LOW    ; 0       ; String                           ;
+----------------+---------+----------------------------------+
Note: In order to hide this table in the UI and the text report file, please set the "Show Parameter Settings in Synthesis Report" option in "Analysis and Synthesis Settings -> More Settings" to "Off".


+------------------------------------------------------------------------------------+
; Parameter Settings for User Entity Instance: avr109:avr_109|avr109tx:avr109tx_inst ;
+----------------+---------+---------------------------------------------------------+
; Parameter Name ; Value   ; Type                                                    ;
+----------------+---------+---------------------------------------------------------+
; CLK_FREQUENCY  ; 1560000 ; Signed Integer                                          ;
; BAUD_RATE      ; 9600    ; Signed Integer                                          ;
+----------------+---------+---------------------------------------------------------+
Note: In order to hide this table in the UI and the text report file, please set the "Show Parameter Settings in Synthesis Report" option in "Analysis and Synthesis Settings -> More Settings" to "Off".


+------------------------------------------------------------------------------------+
; Parameter Settings for User Entity Instance: avr109:avr_109|avr109rx:avr109rx_inst ;
+----------------+---------+---------------------------------------------------------+
; Parameter Name ; Value   ; Type                                                    ;
+----------------+---------+---------------------------------------------------------+
; CLK_FREQUENCY  ; 1560000 ; Signed Integer                                          ;
; BAUD_RATE      ; 9600    ; Signed Integer                                          ;
+----------------+---------+---------------------------------------------------------+
Note: In order to hide this table in the UI and the text report file, please set the "Show Parameter Settings in Synthesis Report" option in "Analysis and Synthesis Settings -> More Settings" to "Off".


+-------------------------------------------------------------------+
; Port Connectivity Checks: "avr109:avr_109|avr109rx:avr109rx_inst" ;
+------------+-------+----------+-----------------------------------+
; Port       ; Type  ; Severity ; Details                           ;
+------------+-------+----------+-----------------------------------+
; rx_enabled ; Input ; Info     ; Stuck at VCC                      ;
+------------+-------+----------+-----------------------------------+


+-----------------------------------------------------+
; Post-Synthesis Netlist Statistics for Top Partition ;
+-----------------------+-----------------------------+
; Type                  ; Count                       ;
+-----------------------+-----------------------------+
; arriav_ff             ; 111                         ;
;     CLR               ; 2                           ;
;     ENA               ; 14                          ;
;     ENA CLR           ; 18                          ;
;     ENA CLR SCLR      ; 8                           ;
;     ENA SCLR          ; 20                          ;
;     ENA SCLR SLD      ; 16                          ;
;     ENA SLD           ; 7                           ;
;     SCLR              ; 24                          ;
;     plain             ; 2                           ;
; arriav_lcell_comb     ; 224                         ;
;     arith             ; 48                          ;
;         1 data inputs ; 48                          ;
;     extend            ; 9                           ;
;         7 data inputs ; 9                           ;
;     normal            ; 167                         ;
;         0 data inputs ; 1                           ;
;         1 data inputs ; 1                           ;
;         2 data inputs ; 19                          ;
;         3 data inputs ; 29                          ;
;         4 data inputs ; 31                          ;
;         5 data inputs ; 27                          ;
;         6 data inputs ; 59                          ;
; boundary_port         ; 72                          ;
;                       ;                             ;
; Max LUT depth         ; 5.00                        ;
; Average LUT depth     ; 2.55                        ;
+-----------------------+-----------------------------+


+-------------------------------+
; Elapsed Time Per Partition    ;
+----------------+--------------+
; Partition Name ; Elapsed Time ;
+----------------+--------------+
; Top            ; 00:00:00     ;
+----------------+--------------+


+-------------------------------+
; Analysis & Synthesis Messages ;
+-------------------------------+
Info: *******************************************************************
Info: Running Quartus Prime Analysis & Synthesis
    Info: Version 17.0.0 Build 595 04/25/2017 SJ Lite Edition
    Info: Processing started: Mon Aug 28 15:34:11 2017
Info: Command: quartus_map --read_settings_files=on --write_settings_files=off avr109 -c avr109
Warning (18236): Number of processors has not been specified which may cause overloading on shared machines.  Set the global assignment NUM_PARALLEL_PROCESSORS in your QSF to an appropriate value for best performance.
Info (20030): Parallel compilation is enabled and will use 2 of the 2 processors detected
Info (12021): Found 1 design units, including 1 entities, in source file /home/anfelo40/Documentos/Proyectos_Micros/avr109/avr109tx.v
    Info (12023): Found entity 1: avr109tx File: /home/anfelo40/Documentos/Proyectos_Micros/avr109/avr109tx.v Line: 1
Info (12021): Found 1 design units, including 1 entities, in source file /home/anfelo40/Documentos/Proyectos_Micros/avr109/avr109rx.v
    Info (12023): Found entity 1: avr109rx File: /home/anfelo40/Documentos/Proyectos_Micros/avr109/avr109rx.v Line: 1
Info (12021): Found 1 design units, including 1 entities, in source file /home/anfelo40/Documentos/Proyectos_Micros/avr109/avr109.v
    Info (12023): Found entity 1: avr109 File: /home/anfelo40/Documentos/Proyectos_Micros/avr109/avr109.v Line: 6
Info (12021): Found 2 design units, including 1 entities, in source file registro.vhd
    Info (12022): Found design unit 1: registro-rtl File: /home/anfelo40/Documentos/Proyectos_Micros/P1_Simulacion_avr109/registro.vhd Line: 21
    Info (12023): Found entity 1: registro File: /home/anfelo40/Documentos/Proyectos_Micros/P1_Simulacion_avr109/registro.vhd Line: 5
Info (12021): Found 2 design units, including 1 entities, in source file codificador.vhd
    Info (12022): Found design unit 1: codificador-rtl File: /home/anfelo40/Documentos/Proyectos_Micros/P1_Simulacion_avr109/codificador.vhd Line: 15
    Info (12023): Found entity 1: codificador File: /home/anfelo40/Documentos/Proyectos_Micros/P1_Simulacion_avr109/codificador.vhd Line: 7
Info (12021): Found 2 design units, including 1 entities, in source file contador_104us.vhd
    Info (12022): Found design unit 1: contador_104us-rtl File: /home/anfelo40/Documentos/Proyectos_Micros/P1_Simulacion_avr109/contador_104us.vhd Line: 24
    Info (12023): Found entity 1: contador_104us File: /home/anfelo40/Documentos/Proyectos_Micros/P1_Simulacion_avr109/contador_104us.vhd Line: 5
Info (12021): Found 2 design units, including 1 entities, in source file control_path_us.vhd
    Info (12022): Found design unit 1: control_path_us-rtl File: /home/anfelo40/Documentos/Proyectos_Micros/P1_Simulacion_avr109/control_path_us.vhd Line: 22
    Info (12023): Found entity 1: control_path_us File: /home/anfelo40/Documentos/Proyectos_Micros/P1_Simulacion_avr109/control_path_us.vhd Line: 7
Info (12021): Found 2 design units, including 1 entities, in source file USART_transm.vhd
    Info (12022): Found design unit 1: USART_transm-rtl File: /home/anfelo40/Documentos/Proyectos_Micros/P1_Simulacion_avr109/USART_transm.vhd Line: 24
    Info (12023): Found entity 1: USART_transm File: /home/anfelo40/Documentos/Proyectos_Micros/P1_Simulacion_avr109/USART_transm.vhd Line: 8
Info (12021): Found 1 design units, including 0 entities, in source file  pkg_USART_transm.vhd
    Info (12022): Found design unit 1: pkg_USART_transm File: /home/anfelo40/Documentos/Proyectos_Micros/P1_Simulacion_avr109/ pkg_USART_transm.vhd Line: 6
Info (12021): Found 2 design units, including 1 entities, in source file sim_avr_109.vhd
    Info (12022): Found design unit 1: sim_avr_109-rtl File: /home/anfelo40/Documentos/Proyectos_Micros/P1_Simulacion_avr109/sim_avr_109.vhd Line: 32
    Info (12023): Found entity 1: sim_avr_109 File: /home/anfelo40/Documentos/Proyectos_Micros/P1_Simulacion_avr109/sim_avr_109.vhd Line: 6
Info (12127): Elaborating entity "sim_avr_109" for the top level hierarchy
Info (12128): Elaborating entity "USART_transm" for hierarchy "USART_transm:USART_transmision" File: /home/anfelo40/Documentos/Proyectos_Micros/P1_Simulacion_avr109/sim_avr_109.vhd Line: 75
Info (12128): Elaborating entity "registro" for hierarchy "USART_transm:USART_transmision|registro:reg_data" File: /home/anfelo40/Documentos/Proyectos_Micros/P1_Simulacion_avr109/USART_transm.vhd Line: 41
Info (12128): Elaborating entity "codificador" for hierarchy "USART_transm:USART_transmision|codificador:codificador_data" File: /home/anfelo40/Documentos/Proyectos_Micros/P1_Simulacion_avr109/USART_transm.vhd Line: 57
Info (12128): Elaborating entity "contador_104us" for hierarchy "USART_transm:USART_transmision|contador_104us:time_cont" File: /home/anfelo40/Documentos/Proyectos_Micros/P1_Simulacion_avr109/USART_transm.vhd Line: 65
Info (12128): Elaborating entity "control_path_us" for hierarchy "USART_transm:USART_transmision|control_path_us:unidad_de_control" File: /home/anfelo40/Documentos/Proyectos_Micros/P1_Simulacion_avr109/USART_transm.vhd Line: 82
Info (12128): Elaborating entity "avr109" for hierarchy "avr109:avr_109" File: /home/anfelo40/Documentos/Proyectos_Micros/P1_Simulacion_avr109/sim_avr_109.vhd Line: 86
Warning (10230): Verilog HDL assignment warning at avr109.v(107): truncated value with size 32 to match size of target (5) File: /home/anfelo40/Documentos/Proyectos_Micros/avr109/avr109.v Line: 107
Warning (10230): Verilog HDL assignment warning at avr109.v(113): truncated value with size 32 to match size of target (5) File: /home/anfelo40/Documentos/Proyectos_Micros/avr109/avr109.v Line: 113
Warning (10230): Verilog HDL assignment warning at avr109.v(115): truncated value with size 32 to match size of target (3) File: /home/anfelo40/Documentos/Proyectos_Micros/avr109/avr109.v Line: 115
Warning (10230): Verilog HDL assignment warning at avr109.v(117): truncated value with size 32 to match size of target (5) File: /home/anfelo40/Documentos/Proyectos_Micros/avr109/avr109.v Line: 117
Warning (10230): Verilog HDL assignment warning at avr109.v(126): truncated value with size 32 to match size of target (5) File: /home/anfelo40/Documentos/Proyectos_Micros/avr109/avr109.v Line: 126
Warning (10230): Verilog HDL assignment warning at avr109.v(127): truncated value with size 32 to match size of target (5) File: /home/anfelo40/Documentos/Proyectos_Micros/avr109/avr109.v Line: 127
Warning (10230): Verilog HDL assignment warning at avr109.v(128): truncated value with size 32 to match size of target (5) File: /home/anfelo40/Documentos/Proyectos_Micros/avr109/avr109.v Line: 128
Warning (10230): Verilog HDL assignment warning at avr109.v(131): truncated value with size 32 to match size of target (5) File: /home/anfelo40/Documentos/Proyectos_Micros/avr109/avr109.v Line: 131
Warning (10230): Verilog HDL assignment warning at avr109.v(135): truncated value with size 32 to match size of target (5) File: /home/anfelo40/Documentos/Proyectos_Micros/avr109/avr109.v Line: 135
Warning (10230): Verilog HDL assignment warning at avr109.v(137): truncated value with size 32 to match size of target (5) File: /home/anfelo40/Documentos/Proyectos_Micros/avr109/avr109.v Line: 137
Warning (10230): Verilog HDL assignment warning at avr109.v(138): truncated value with size 32 to match size of target (5) File: /home/anfelo40/Documentos/Proyectos_Micros/avr109/avr109.v Line: 138
Warning (10230): Verilog HDL assignment warning at avr109.v(139): truncated value with size 32 to match size of target (5) File: /home/anfelo40/Documentos/Proyectos_Micros/avr109/avr109.v Line: 139
Warning (10230): Verilog HDL assignment warning at avr109.v(140): truncated value with size 32 to match size of target (5) File: /home/anfelo40/Documentos/Proyectos_Micros/avr109/avr109.v Line: 140
Warning (10230): Verilog HDL assignment warning at avr109.v(141): truncated value with size 32 to match size of target (5) File: /home/anfelo40/Documentos/Proyectos_Micros/avr109/avr109.v Line: 141
Warning (10230): Verilog HDL assignment warning at avr109.v(142): truncated value with size 32 to match size of target (5) File: /home/anfelo40/Documentos/Proyectos_Micros/avr109/avr109.v Line: 142
Warning (10230): Verilog HDL assignment warning at avr109.v(143): truncated value with size 32 to match size of target (5) File: /home/anfelo40/Documentos/Proyectos_Micros/avr109/avr109.v Line: 143
Warning (10230): Verilog HDL assignment warning at avr109.v(152): truncated value with size 32 to match size of target (5) File: /home/anfelo40/Documentos/Proyectos_Micros/avr109/avr109.v Line: 152
Warning (10230): Verilog HDL assignment warning at avr109.v(160): truncated value with size 32 to match size of target (5) File: /home/anfelo40/Documentos/Proyectos_Micros/avr109/avr109.v Line: 160
Warning (10230): Verilog HDL assignment warning at avr109.v(168): truncated value with size 32 to match size of target (5) File: /home/anfelo40/Documentos/Proyectos_Micros/avr109/avr109.v Line: 168
Warning (10230): Verilog HDL assignment warning at avr109.v(176): truncated value with size 32 to match size of target (5) File: /home/anfelo40/Documentos/Proyectos_Micros/avr109/avr109.v Line: 176
Warning (10230): Verilog HDL assignment warning at avr109.v(184): truncated value with size 32 to match size of target (5) File: /home/anfelo40/Documentos/Proyectos_Micros/avr109/avr109.v Line: 184
Warning (10230): Verilog HDL assignment warning at avr109.v(191): truncated value with size 32 to match size of target (5) File: /home/anfelo40/Documentos/Proyectos_Micros/avr109/avr109.v Line: 191
Warning (10230): Verilog HDL assignment warning at avr109.v(198): truncated value with size 32 to match size of target (5) File: /home/anfelo40/Documentos/Proyectos_Micros/avr109/avr109.v Line: 198
Warning (10230): Verilog HDL assignment warning at avr109.v(206): truncated value with size 32 to match size of target (5) File: /home/anfelo40/Documentos/Proyectos_Micros/avr109/avr109.v Line: 206
Warning (10230): Verilog HDL assignment warning at avr109.v(212): truncated value with size 32 to match size of target (5) File: /home/anfelo40/Documentos/Proyectos_Micros/avr109/avr109.v Line: 212
Warning (10230): Verilog HDL assignment warning at avr109.v(219): truncated value with size 32 to match size of target (5) File: /home/anfelo40/Documentos/Proyectos_Micros/avr109/avr109.v Line: 219
Warning (10230): Verilog HDL assignment warning at avr109.v(226): truncated value with size 32 to match size of target (5) File: /home/anfelo40/Documentos/Proyectos_Micros/avr109/avr109.v Line: 226
Warning (10230): Verilog HDL assignment warning at avr109.v(232): truncated value with size 32 to match size of target (5) File: /home/anfelo40/Documentos/Proyectos_Micros/avr109/avr109.v Line: 232
Warning (10230): Verilog HDL assignment warning at avr109.v(239): truncated value with size 32 to match size of target (5) File: /home/anfelo40/Documentos/Proyectos_Micros/avr109/avr109.v Line: 239
Warning (10230): Verilog HDL assignment warning at avr109.v(241): truncated value with size 32 to match size of target (5) File: /home/anfelo40/Documentos/Proyectos_Micros/avr109/avr109.v Line: 241
Warning (10230): Verilog HDL assignment warning at avr109.v(247): truncated value with size 32 to match size of target (5) File: /home/anfelo40/Documentos/Proyectos_Micros/avr109/avr109.v Line: 247
Warning (10230): Verilog HDL assignment warning at avr109.v(253): truncated value with size 32 to match size of target (5) File: /home/anfelo40/Documentos/Proyectos_Micros/avr109/avr109.v Line: 253
Warning (10230): Verilog HDL assignment warning at avr109.v(255): truncated value with size 32 to match size of target (5) File: /home/anfelo40/Documentos/Proyectos_Micros/avr109/avr109.v Line: 255
Warning (10230): Verilog HDL assignment warning at avr109.v(260): truncated value with size 32 to match size of target (8) File: /home/anfelo40/Documentos/Proyectos_Micros/avr109/avr109.v Line: 260
Warning (10230): Verilog HDL assignment warning at avr109.v(261): truncated value with size 32 to match size of target (5) File: /home/anfelo40/Documentos/Proyectos_Micros/avr109/avr109.v Line: 261
Warning (10230): Verilog HDL assignment warning at avr109.v(266): truncated value with size 32 to match size of target (16) File: /home/anfelo40/Documentos/Proyectos_Micros/avr109/avr109.v Line: 266
Warning (10230): Verilog HDL assignment warning at avr109.v(267): truncated value with size 32 to match size of target (5) File: /home/anfelo40/Documentos/Proyectos_Micros/avr109/avr109.v Line: 267
Warning (10230): Verilog HDL assignment warning at avr109.v(273): truncated value with size 32 to match size of target (5) File: /home/anfelo40/Documentos/Proyectos_Micros/avr109/avr109.v Line: 273
Warning (10230): Verilog HDL assignment warning at avr109.v(275): truncated value with size 32 to match size of target (5) File: /home/anfelo40/Documentos/Proyectos_Micros/avr109/avr109.v Line: 275
Warning (10230): Verilog HDL assignment warning at avr109.v(281): truncated value with size 32 to match size of target (5) File: /home/anfelo40/Documentos/Proyectos_Micros/avr109/avr109.v Line: 281
Warning (10230): Verilog HDL assignment warning at avr109.v(287): truncated value with size 32 to match size of target (5) File: /home/anfelo40/Documentos/Proyectos_Micros/avr109/avr109.v Line: 287
Warning (10230): Verilog HDL assignment warning at avr109.v(289): truncated value with size 32 to match size of target (5) File: /home/anfelo40/Documentos/Proyectos_Micros/avr109/avr109.v Line: 289
Warning (10230): Verilog HDL assignment warning at avr109.v(296): truncated value with size 32 to match size of target (8) File: /home/anfelo40/Documentos/Proyectos_Micros/avr109/avr109.v Line: 296
Warning (10230): Verilog HDL assignment warning at avr109.v(297): truncated value with size 32 to match size of target (5) File: /home/anfelo40/Documentos/Proyectos_Micros/avr109/avr109.v Line: 297
Warning (10230): Verilog HDL assignment warning at avr109.v(301): truncated value with size 32 to match size of target (16) File: /home/anfelo40/Documentos/Proyectos_Micros/avr109/avr109.v Line: 301
Warning (10230): Verilog HDL assignment warning at avr109.v(302): truncated value with size 32 to match size of target (5) File: /home/anfelo40/Documentos/Proyectos_Micros/avr109/avr109.v Line: 302
Warning (10230): Verilog HDL assignment warning at avr109.v(309): truncated value with size 32 to match size of target (5) File: /home/anfelo40/Documentos/Proyectos_Micros/avr109/avr109.v Line: 309
Warning (10230): Verilog HDL assignment warning at avr109.v(314): truncated value with size 32 to match size of target (5) File: /home/anfelo40/Documentos/Proyectos_Micros/avr109/avr109.v Line: 314
Warning (10270): Verilog HDL Case Statement warning at avr109.v(101): incomplete case statement has no default case item File: /home/anfelo40/Documentos/Proyectos_Micros/avr109/avr109.v Line: 101
Warning (10230): Verilog HDL assignment warning at avr109.v(324): truncated value with size 32 to match size of target (5) File: /home/anfelo40/Documentos/Proyectos_Micros/avr109/avr109.v Line: 324
Info (12128): Elaborating entity "avr109tx" for hierarchy "avr109:avr_109|avr109tx:avr109tx_inst" File: /home/anfelo40/Documentos/Proyectos_Micros/avr109/avr109.v Line: 83
Warning (10230): Verilog HDL assignment warning at avr109tx.v(43): truncated value with size 32 to match size of target (4) File: /home/anfelo40/Documentos/Proyectos_Micros/avr109/avr109tx.v Line: 43
Warning (10230): Verilog HDL assignment warning at avr109tx.v(46): truncated value with size 32 to match size of target (8) File: /home/anfelo40/Documentos/Proyectos_Micros/avr109/avr109tx.v Line: 46
Info (12128): Elaborating entity "avr109rx" for hierarchy "avr109:avr_109|avr109rx:avr109rx_inst" File: /home/anfelo40/Documentos/Proyectos_Micros/avr109/avr109.v Line: 88
Warning (10230): Verilog HDL assignment warning at avr109rx.v(48): truncated value with size 32 to match size of target (4) File: /home/anfelo40/Documentos/Proyectos_Micros/avr109/avr109rx.v Line: 48
Warning (10230): Verilog HDL assignment warning at avr109rx.v(52): truncated value with size 32 to match size of target (8) File: /home/anfelo40/Documentos/Proyectos_Micros/avr109/avr109rx.v Line: 52
Warning (10230): Verilog HDL assignment warning at avr109rx.v(57): truncated value with size 32 to match size of target (8) File: /home/anfelo40/Documentos/Proyectos_Micros/avr109/avr109rx.v Line: 57
Warning (13024): Output pins are stuck at VCC or GND
    Warning (13410): Pin "prog_addr[15]" is stuck at GND File: /home/anfelo40/Documentos/Proyectos_Micros/P1_Simulacion_avr109/sim_avr_109.vhd Line: 23
Info (286030): Timing-Driven Synthesis is running
Info (16010): Generating hard_block partition "hard_block:auto_generated_inst"
    Info (16011): Adding 0 node(s), including 0 DDIO, 0 PLL, 0 transceiver and 0 LCELL
Info (21057): Implemented 321 device resources after synthesis - the final resource count might be different
    Info (21058): Implemented 27 input pins
    Info (21059): Implemented 45 output pins
    Info (21061): Implemented 249 logic cells
Info: Quartus Prime Analysis & Synthesis was successful. 0 errors, 58 warnings
    Info: Peak virtual memory: 1028 megabytes
    Info: Processing ended: Mon Aug 28 15:34:24 2017
    Info: Elapsed time: 00:00:13
    Info: Total CPU time (on all processors): 00:00:28


